<?xml version="1.0" encoding="UTF-8"?>
<!-- Generated by org.testng.reporters.JUnitXMLReporter -->
<testsuite ignored="0" hostname="DESKTOP-LLLGMOJ" failures="0" tests="6" name="PetTests" time="14.463" errors="0" timestamp="2023-12-31T09:03:41 IST">
  <testcase classname="api.testcase.UserTestWithExcel" name="testPostUser" time="5.266"/>
  <testcase classname="api.testcase.UserTestWithExcel" name="testPostUser" time="1.152"/>
  <testcase classname="api.testcase.UserTestWithExcel" name="testPostUser" time="1.16"/>
  <testcase classname="api.testcase.UserTestWithExcel" name="testDeleteUser" time="1.245"/>
  <testcase classname="api.testcase.UserTestWithExcel" name="testDeleteUser" time="1.2"/>
  <testcase classname="api.testcase.UserTestWithExcel" name="testDeleteUser" time="1.168"/>
</testsuite> <!-- PetTests -->
