<?xml version="1.0" encoding="UTF-8"?>
<testng-results ignored="5" total="6" passed="1" failed="0" skipped="0">
  <reporter-output>
  </reporter-output>
  <suite started-at="2023-12-30T20:19:28 IST" name="Default suite" finished-at="2023-12-30T20:19:32 IST" duration-ms="3897">
    <groups>
    </groups>
    <test started-at="2023-12-30T20:19:28 IST" name="Default test" finished-at="2023-12-30T20:19:32 IST" duration-ms="3897">
      <class name="restassuredOps.Example1">
        <test-method signature="testCaseForPost2()[pri:0, instance:restassuredOps.Example1@723ca036]" started-at="2023-12-30T20:19:28 IST" name="testCaseForPost2" finished-at="2023-12-30T20:19:32 IST" duration-ms="3825" status="PASS">
          <reporter-output>
          </reporter-output>
        </test-method> <!-- testCaseForPost2 -->
      </class> <!-- restassuredOps.Example1 -->
    </test> <!-- Default test -->
  </suite> <!-- Default suite -->
</testng-results>
