<?xml version="1.0" encoding="UTF-8"?>
<!-- Generated by org.testng.reporters.JUnitXMLReporter -->
<testsuite ignored="5" hostname="DESKTOP-LLLGMOJ" failures="0" tests="1" name="Default test" time="3.897" errors="0" timestamp="2023-12-30T20:19:32 IST">
  <testcase classname="restassuredOps.Example1" name="testCaseForPost2" time="3.825"/>
  <testcase classname="restassuredOps.Example1" name="putOps" time="0.0">
    <ignored/>
  </testcase> <!-- putOps -->
  <testcase classname="restassuredOps.Example1" name="testCaseForPost3" time="0.0">
    <ignored/>
  </testcase> <!-- testCaseForPost3 -->
  <testcase classname="restassuredOps.Example1" name="testCaseForPost1" time="0.0">
    <ignored/>
  </testcase> <!-- testCaseForPost1 -->
  <testcase classname="restassuredOps.Example1" name="testCaseForGet" time="0.0">
    <ignored/>
  </testcase> <!-- testCaseForGet -->
  <testcase classname="restassuredOps.Example1" name="deleteOps" time="0.0">
    <ignored/>
  </testcase> <!-- deleteOps -->
</testsuite> <!-- Default test -->
