<?xml version="1.0" encoding="UTF-8"?>
<!-- Generated by org.testng.reporters.JUnitXMLReporter -->
<testsuite ignored="3" hostname="DESKTOP-LLLGMOJ" failures="0" tests="1" name="Default test" time="3.978" errors="0" timestamp="2023-10-16T09:01:45 IST">
  <testcase classname="postexamples.Example1" name="testCaseForPost3" time="3.858"/>
  <testcase classname="postexamples.Example1" name="testCaseForPost1" time="0.0">
    <ignored/>
  </testcase> <!-- testCaseForPost1 -->
  <testcase classname="postexamples.Example1" name="testCaseForPost2" time="0.0">
    <ignored/>
  </testcase> <!-- testCaseForPost2 -->
  <testcase classname="postexamples.Example1" name="testCaseForGet" time="0.0">
    <ignored/>
  </testcase> <!-- testCaseForGet -->
</testsuite> <!-- Default test -->
